######__________________________________
__#_____________________________________
__#_____________________________________
######__________________________________
________________________________________
######__________________________________
#_#__#__________________________________
#_#__#__________________________________
#____#__________________________________
________________________________________
_####___________________________________
#____#__________________________________
#____#__________________________________
_#__#___________________________________
________________________________________
######__________________________________
#__#____________________________________
#__##___________________________________
_##__#__________________________________
________________________________________
#___##__________________________________
#__#_#__________________________________
#_#__#__________________________________
##___#__________________________________
________________________________________
######__________________________________
__#_____________________________________
_#_##___________________________________
#____#__________________________________
________________________________________
######__________________________________
#__#____________________________________
#__#____________________________________
_##_____________________________________
________________________________________
######__________________________________
#__#____________________________________
#__##___________________________________
_##__#__________________________________
________________________________________
