____________________________________________________________________________________________________
____________________________________________________________________________________________________
____________________________________________________________________________________________________
____________________________________________________________________________________________________
____________________________________________________________________________________________________
____________________________________________________________________________________________________
____________________________________________________________________________________________________
____________________________________________________________________________________________________
____________________________________________________________________________________________________
____________________________________________________________________________________________________
____________________________________________________________________________________________________
____________________________________________________________________________________________________
____________________________________________________________________________________________________
____________________________________________________________________________________________________
____________________________________________________________________________________________________
____________________________________________________________________________________________________
____________________________________________________________________________________________________
____________________________________________________________________________________________________
____________________________________________________________________________________________________
____________________________________________________________________________________________________
____________________________________________________________________________________________________
____________________________________________________________________________________________________
____________________________________________________________________________________________________
____________________________________________________________________________________________________
____________________________________________________________________________________________________
____________________________________________________________________________________________________
____________________________________________________________________________________________________
____________________________________________________________________________________________________
____________________________________________________________________________________________________
____________________________________________________________________________________________________
____________________________________________________________________________________________________
____________________________________________________________________________________________________
____________________________________________________________________________________________________
____________________________________________________________________________________________________
____________________________________________________________________________________________________
____________________________________________________________________________________________________
____________________________________________________________________________________________________
____________________________________________________________________________________________________
____________________________________________________________________________________________________
____________________________________________________________________________________________________
____________________________________________________________________________________________________
____________________________________________________________________________________________________
____________________________________________________________________________________________________
____________________________________________________________________________________________________
____________________________________________________________________________________________________
____________________________________________________________________________________________________
____________________________________________________________________________________________________
____________________________________________________________________________________________________
____________________________________________________________________________________________________
____________________________________________________________________________________________________
____________________________________________________________________________________________________
______________________________________________#_____________________________________________________
_____________________________________________#______________________________________________________
_____________________________________________#____#_________________________________________________
______________________________________________#####_________________________________________________
____________________________________________________________________________________________________
_____________________________________________######_________________________________________________
_____________________________________________#__#_#_________________________________________________
_____________________________________________#__#_#_________________________________________________
_____________________________________________#____#_________________________________________________
____________________________________________________________________________________________________
_____________________________________________######_________________________________________________
_____________________________________________#______________________________________________________
_____________________________________________#______________________________________________________
_____________________________________________#______________________________________________________
____________________________________________________________________________________________________
_____________________________________________######_________________________________________________
_____________________________________________#__#_#_________________________________________________
_____________________________________________#__#_#_________________________________________________
_____________________________________________#____#_________________________________________________
____________________________________________________________________________________________________
_____________________________________________######_________________________________________________
________________________________________________#_#_________________________________________________
________________________________________________#_#_________________________________________________
__________________________________________________#_________________________________________________
____________________________________________________________________________________________________
______________________________________________####__________________________________________________
_____________________________________________#____#_________________________________________________
_____________________________________________#_#__#_________________________________________________
_____________________________________________###_#__________________________________________________
____________________________________________________________________________________________________
_____________________________________________######_________________________________________________
________________________________________________#___________________________________________________
________________________________________________#___________________________________________________
_____________________________________________######_________________________________________________
____________________________________________________________________________________________________
_____________________________________________######_________________________________________________
_______________________________________________#__#_________________________________________________
_______________________________________________#__#_________________________________________________
________________________________________________##__________________________________________________
____________________________________________________________________________________________________
____________________________________________________________________________________________________
____________________________________________________________________________________________________
____________________________________________________________________________________________________
____________________________________________________________________________________________________
____________________________________________________________________________________________________
____________________________________________________________________________________________________
____________________________________________________________________________________________________
____________________________________________________________________________________________________
____________________________________________________________________________________________________
